<?xml version="1.0" encoding="UTF-8"?>
<!-- Generated by org.testng.reporters.JUnitReportReporter -->
<testsuite hostname="Niranjan-HP" failures="0" tests="1" name="SignUpProcess.SignUpFlow" time="19.109" errors="0" timestamp="2022-03-06T02:31:27 CET" skipped="0">
  <testcase classname="SignUpProcess.SignUpFlow" name="signupNavigationWithNewUser" time="19.109"/>
  <system-out/>
</testsuite> <!-- SignUpProcess.SignUpFlow -->
