<?xml version="1.0" encoding="UTF-8"?>
<!-- Generated by org.testng.reporters.JUnitReportReporter -->
<testsuite hostname="Niranjan-HP" failures="0" tests="1" name="SignUpProcess.SearchFunctionality" time="34.148" errors="0" timestamp="2022-05-04T02:21:55 CEST" skipped="0">
  <testcase classname="SignUpProcess.SearchFunctionality" name="searchengine" time="34.148"/>
  <system-out/>
</testsuite> <!-- SignUpProcess.SearchFunctionality -->
