<?xml version="1.0" encoding="UTF-8"?>
<!-- Generated by org.testng.reporters.JUnitReportReporter -->
<testsuite hostname="Niranjan-HP" failures="0" tests="2" name="SignUpProcess.signUpFlowWithExistingUser" time="31.394" errors="0" timestamp="2022-03-06T13:52:07 CET" skipped="0">
  <testcase classname="SignUpProcess.signUpFlowWithExistingUser" name="signupNavigationWithExistingUser" time="18.692"/>
  <system-out/>
  <testcase classname="SignUpProcess.signUpFlowWithExistingUser" name="signupNavigationWithExistingUser" time="12.702"/>
  <system-out/>
</testsuite> <!-- SignUpProcess.signUpFlowWithExistingUser -->
