<?xml version="1.0" encoding="UTF-8"?>
<!-- Generated by org.testng.reporters.JUnitReportReporter -->
<testsuite hostname="Niranjan-HP" failures="0" tests="1" name="SignInProcess.LoginandSearchFunctionality" time="60.090" errors="0" timestamp="2022-06-07T21:31:41 CEST" skipped="0">
  <testcase classname="SignInProcess.LoginandSearchFunctionality" name="searchengine" time="60.090"/>
  <system-out/>
</testsuite> <!-- SignInProcess.LoginandSearchFunctionality -->
