<?xml version="1.0" encoding="UTF-8"?>
<!-- Generated by org.testng.reporters.JUnitReportReporter -->
<testsuite hostname="Niranjan-HP" failures="0" tests="1" name="SignInProcess.LoginandSearchFunctionality" time="28.329" errors="0" timestamp="2022-05-04T02:58:24 CEST" skipped="0">
  <testcase classname="SignInProcess.LoginandSearchFunctionality" name="searchengine" time="28.329"/>
  <system-out/>
</testsuite> <!-- SignInProcess.LoginandSearchFunctionality -->
