<?xml version="1.0" encoding="UTF-8"?>
<!-- Generated by org.testng.reporters.JUnitReportReporter -->
<testsuite hostname="Niranjan-HP" failures="0" tests="1" name="SignUpProcess.signUpFlowWithNewUser" time="19.010" errors="0" timestamp="2022-03-06T13:52:07 CET" skipped="0">
  <testcase classname="SignUpProcess.signUpFlowWithNewUser" name="signupNavigationWithNewUser" time="19.010"/>
  <system-out/>
</testsuite> <!-- SignUpProcess.signUpFlowWithNewUser -->
