<?xml version="1.0" encoding="UTF-8"?>
<!-- Generated by org.testng.reporters.JUnitReportReporter -->
<testsuite hostname="Niranjan-HP" failures="0" tests="2" name="e2EMiroProject.SignUpFlow.SignUpFlow" time="32.701" errors="0" timestamp="2022-03-04T10:23:29 CET" skipped="0">
  <testcase classname="e2EMiroProject.SignUpFlow.SignUpFlow" name="signupNavigation" time="13.189"/>
  <system-out/>
  <testcase classname="e2EMiroProject.SignUpFlow.SignUpFlow" name="signupNavigation" time="19.512"/>
  <system-out/>
</testsuite> <!-- e2EMiroProject.SignUpFlow.SignUpFlow -->
